scripts/kconfig/conf --silentoldconfig Kconfig
  CHK     include/linux/version.h
  CHK     include/generated/utsrelease.h
  UPD     include/generated/utsrelease.h
make[1]: `include/generated/mach-types.h' is up to date.
  CALL    scripts/checksyscalls.sh
<stdin>:1562:2: warning: #warning syscall process_vm_readv not implemented
<stdin>:1566:2: warning: #warning syscall process_vm_writev not implemented
  CHK     include/generated/compile.h
  CC      init/version.o
  CC      kernel/sys.o
  LD      init/built-in.o
  CC      net/bridge/br_netfilter.o
  CC      kernel/module.o
  LD      net/bridge/bridge.o
  LD      net/bridge/built-in.o
  CC      net/core/sock.o
  GZIP    kernel/config_data.gz
  IKCFG   kernel/config_data.h
  CC      kernel/configs.o
  CC      lib/bitrev.o
  LD      kernel/built-in.o
  CC      net/core/request_sock.o
  CC      lib/crc-ccitt.o
  CC      drivers/media/video/tiler/tiler-reserve.o
  CC      lib/crc16.o
  CC      net/core/skbuff.o
  CC      lib/crc-itu-t.o
  CC      drivers/media/video/tiler/tmm-pat.o
  HOSTCC  lib/gen_crc32table
  CC      drivers/media/video/tiler/tiler-nv12.o
  CC      lib/libcrc32c.o
  CC      lib/genalloc.o
  CC      drivers/media/video/tiler/tiler-ioctl.o
  CC      net/core/iovec.o
  CC      net/core/datagram.o
  CC      lib/lzo/lzo1x_compress.o
  CC      lib/reed_solomon/reed_solomon.o
  CC      drivers/media/video/tiler/dmm.o
  CC      lib/lzo/lzo1x_decompress.o
  CC      net/core/stream.o
  LD      drivers/media/video/tiler/tiler_dmm.o
  LD      drivers/media/video/tiler/tiler.o
  LD      lib/lzo/lzo_compress.o
  LD      lib/lzo/lzo_decompress.o
  LD      lib/lzo/built-in.o
  LD      lib/reed_solomon/built-in.o
  CC      lib/xz/xz_dec_syms.o
  CC      lib/zlib_deflate/deflate.o
  LD      drivers/media/video/tiler/built-in.o
  LD      drivers/media/video/built-in.o
  CC      net/core/scm.o
  CC      net/core/gen_stats.o
  LD      drivers/media/built-in.o
  CC      lib/xz/xz_dec_stream.o
  CC      drivers/mfd/twl-core.o
  CC      lib/zlib_deflate/deftree.o
  CC      net/dns_resolver/dns_key.o
  CC      lib/xz/xz_dec_lzma2.o
  CC      net/core/gen_estimator.o
  CC      drivers/mfd/twl4030-irq.o
  CC      net/dns_resolver/dns_query.o
  CC      lib/zlib_deflate/deflate_syms.o
  CC      lib/xz/xz_dec_bcj.o
  CC      net/core/net_namespace.o
  LD      net/dns_resolver/dns_resolver.o
  LD      net/dns_resolver/built-in.o
  CC      net/core/secure_seq.o
  LD      lib/zlib_deflate/zlib_deflate.o
  LD      lib/zlib_deflate/built-in.o
  CC      lib/zlib_inflate/inffast.o
  LD      lib/xz/xz_dec.o
  LD      lib/xz/built-in.o
  CC      lib/zlib_inflate/inflate.o
  CC      drivers/mfd/twl6030-irq.o
  CC      net/core/sysctl_net_core.o
  CC      lib/zlib_inflate/infutil.o
  CC      drivers/mfd/twl4030-power.o
  CC      lib/zlib_inflate/inftrees.o
  CC      net/core/dev.o
  CC      net/core/ethtool.o
  CC      lib/zlib_inflate/inflate_syms.o
  CC      drivers/mfd/twl6030-pwm.o
  CC      net/core/dev_addr_lists.o
  LD      lib/zlib_inflate/zlib_inflate.o
  LD      lib/zlib_inflate/built-in.o
  CC      lib/textsearch.o
  CC      drivers/mfd/twl6030-madc.o
  CC      lib/ts_kmp.o
  CC      net/core/dst.o
  CC      drivers/mfd/twl6040-codec.o
  CC      lib/ts_bm.o
  CC      lib/ts_fsm.o
  CC      net/core/netevent.o
  CC      net/core/neighbour.o
  CC      net/core/rtnetlink.o
  CC      lib/percpu_counter.o
  CC      drivers/mfd/twl6040-irq.o
  CC      lib/nlattr.o
  CC      drivers/mfd/twl6030-power.o
  CC      lib/cpu_rmap.o
  CC      drivers/mfd/mfd-core.o
  CC      net/core/utils.o
  CC      drivers/mfd/omap-usb-host.o
  CC      lib/strncpy_from_user.o
  CC      drivers/misc/bmp180.o
  CC      drivers/misc/sec_jack.o
drivers/misc/bmp180.c: In function 'bmp180_get_pressure_data':
drivers/misc/bmp180.c:234: warning: unused variable 'err'
  CC      lib/strnlen_user.o
  CC      drivers/misc/uid_stat.o
  CC      lib/argv_split.o
  CC      net/core/link_watch.o
  LD      drivers/mfd/built-in.o
  CC      lib/bug.o
  CC      lib/cmdline.o
  CC      drivers/mmc/card/block.o
  CC      lib/cpumask.o
  CC      lib/ctype.o
  CC      drivers/misc/inv_mpu/mpuirq.o
  CC      net/core/filter.o
  LD      drivers/misc/lis3lv02d/built-in.o
  CC      lib/dec_and_lock.o
  CC      drivers/misc/modem_if/modem.o
  CC      lib/decompress.o
  CC      drivers/misc/modem_if/modem_io_device.o
  CC      drivers/misc/inv_mpu/slaveirq.o
  CC      net/core/flow.o
  CC      lib/decompress_inflate.o
  CC      drivers/mmc/card/queue.o
  CC      drivers/misc/inv_mpu/mpu-dev.o
  CC      lib/decompress_unxz.o
  LD      drivers/mmc/card/mmc_block.o
  LD      drivers/mmc/card/built-in.o
  CC      drivers/misc/modem_if/modem_net_flowcontrol_device.o
  CC      drivers/mmc/core/core.o
  CC      net/core/net-sysfs.o
  CC      lib/dump_stack.o
  CC      lib/extable.o
  CC      drivers/misc/modem_if/modem_modemctl_device_xmm6260.o
  CC      lib/find_next_bit.o
  CC      drivers/misc/inv_mpu/mlsl-kernel.o
  CC      lib/idr.o
  CC      drivers/misc/modem_if/modem_link_device_mipi.o
  CC      drivers/misc/inv_mpu/mldl_cfg.o
  CC      net/core/fib_rules.o
  CC      drivers/mmc/core/bus.o
  CC      lib/int_sqrt.o
  CC      lib/ioremap.o
  CC      drivers/mmc/core/host.o
  CC      drivers/misc/inv_mpu/timerirq.o
  CC      lib/irq_regs.o
  LD      net/core/built-in.o
  CC      lib/is_single_threaded.o
  CC      net/ethernet/eth.o
  CC      drivers/mmc/core/mmc.o
  CC      drivers/misc/modem_if/modem_modemctl_device_cbp71.o
  CC      lib/klist.o
  CC      drivers/misc/inv_mpu/accel/bma250.o
  CC      lib/kobject.o
  CC      drivers/misc/modem_if/modem_link_device_dpram.o
  LD      net/ethernet/built-in.o
  CC      net/ipv4/route.o
  LD      drivers/misc/inv_mpu/accel/inv_mpu_bma250.o
  CC      drivers/mmc/core/mmc_ops.o
  LD      drivers/misc/inv_mpu/accel/built-in.o
  CC      lib/kobject_uevent.o
  CC      drivers/misc/inv_mpu/compass/yas530.o
  LD      drivers/misc/inv_mpu/compass/inv_mpu_yas530.o
  CC      drivers/misc/modem_if/modem_modemctl_device_cmc221.o
  LD      drivers/misc/inv_mpu/compass/built-in.o
  CC      drivers/mmc/core/sd.o
  CC      lib/kref.o
  LD      drivers/misc/inv_mpu/pressure/built-in.o
  LD      drivers/misc/inv_mpu/mpu3050.o
  LD      drivers/misc/inv_mpu/built-in.o
  CC      lib/md5.o
  LD      drivers/misc/ti-st/built-in.o
  CC      drivers/misc/fsa9480.o
  CC      lib/memcopy.o
  CC      drivers/mmc/core/sd_ops.o
  CC      drivers/misc/modem_if/lte_modem_bootloader.o
  CC      lib/plist.o
  CC      lib/prio_heap.o
  CC      drivers/mmc/core/sdio.o
  CC      lib/prio_tree.o
  CC      drivers/mmc/core/sdio_ops.o
  CC      net/ipv4/inetpeer.o
  CC      drivers/misc/modem_if/modem_link_device_usb.o
  CC      lib/proportions.o
  CC      drivers/mmc/core/sdio_bus.o
  CC      lib/radix-tree.o
  CC      drivers/misc/omap_temp_sensor.o
  LD      drivers/misc/modem_if/built-in.o
  CC      drivers/mmc/core/sdio_cis.o
  CC      drivers/misc/leds-an30259a.o
  CC      net/ipv4/protocol.o
  CC      drivers/mmc/core/sdio_io.o
  CC      lib/ratelimit.o
  CC      net/ipv4/ip_input.o
  CC      lib/rbtree.o
  CC      net/ipv4/ip_fragment.o
  CC      drivers/mmc/core/sdio_irq.o
  LD      drivers/misc/built-in.o
  CC      lib/reciprocal_div.o
  CC      lib/rwsem.o
  CC      drivers/mmc/core/quirks.o
  CC      net/ipv4/ip_forward.o
  CC      drivers/mtd/mtdcore.o
  CC      drivers/mmc/host/omap.o
  CC      lib/sha1.o
  CC      drivers/mmc/core/debugfs.o
  LD      drivers/mmc/core/mmc_core.o
  LD      drivers/mmc/core/built-in.o
  CC      lib/show_mem.o
  CC      drivers/mtd/mtdsuper.o
  CC      drivers/mtd/mtdconcat.o
  CC      net/ipv4/ip_options.o
  CC      drivers/mmc/host/omap_hsmmc.o
  CC      lib/string.o
  CC      drivers/mtd/mtdpart.o
  CC      lib/timerqueue.o
  CC      net/ipv4/ip_output.o
  CC      lib/vsprintf.o
  GEN     lib/crc32table.h
  CC      lib/crc32.o
  LD      drivers/mmc/host/built-in.o
  LD      drivers/mmc/built-in.o
  CC      drivers/mtd/mtdchar.o
  CC      net/ipv4/ip_sockglue.o
  LD      lib/built-in.o
  CC      drivers/net/Space.o
  LD      drivers/nfc/built-in.o
  AR      lib/lib.a
  CC      drivers/mtd/mtd_blkdevs.o
  CC      drivers/omap_hsi/hsi_driver.o
  CC      net/ipv4/inet_hashtables.o
  CC      drivers/net/loopback.o
  CC      drivers/mtd/mtdblock.o
  CC      drivers/net/ppp_generic.o
  CC      drivers/omap_hsi/hsi_driver_dma.o
  CC      net/ipv4/inet_timewait_sock.o
  CC      drivers/mtd/chips/chipreg.o
  CC      drivers/omap_hsi/hsi_driver_int.o
  LD      drivers/mtd/chips/built-in.o
  CC      net/ipv4/inet_connection_sock.o
  CC      drivers/mtd/devices/m25p80.o
  CC      drivers/omap_hsi/hsi_driver_if.o
  CC      drivers/omap_hsi/hsi_driver_bus.o
  LD      drivers/mtd/devices/built-in.o
  CC      net/ipv4/tcp.o
  CC      drivers/omap_hsi/hsi_driver_gpio.o
  CC      drivers/net/ppp_async.o
  LD      drivers/mtd/lpddr/built-in.o
  LD      drivers/mtd/maps/built-in.o
  CC      drivers/mtd/nand/nand_ids.o
  CC      drivers/omap_hsi/hsi_driver_fifo.o
  CC      drivers/omap_hsi/hsi_driver_debugfs.o
drivers/omap_hsi/hsi_driver_debugfs.c: In function 'hsi_port_counters_write':
drivers/omap_hsi/hsi_driver_debugfs.c:369: warning: ignoring return value of 'kstrtoul', declared with attribute warn_unused_result
drivers/omap_hsi/hsi_driver_debugfs.c:370: warning: ignoring return value of 'kstrtoul', declared with attribute warn_unused_result
drivers/omap_hsi/hsi_driver_debugfs.c:371: warning: ignoring return value of 'kstrtoul', declared with attribute warn_unused_result
drivers/omap_hsi/hsi_driver_debugfs.c:382: warning: ignoring return value of 'kstrtoul', declared with attribute warn_unused_result
  LD      drivers/mtd/nand/built-in.o
  CC      drivers/mtd/onenand/onenand_base.o
  CC      drivers/mtd/onenand/onenand_bbt.o
  LD      drivers/omap_hsi/omap_hsi.o
  CC      drivers/net/ppp_synctty.o
  LD      drivers/omap_hsi/built-in.o
  LD      drivers/platform/built-in.o
  CC      drivers/power/power_supply_core.o
net/ipv4/tcp.c: In function 'tcp_nuke_addr':
include/net/ipv6.h:338: warning: 'in6' may be used uninitialized in this function
net/ipv4/tcp.c:3357: note: 'in6' was declared here
  CC      drivers/power/power_supply_sysfs.o
  CC      net/ipv4/tcp_input.o
  CC      drivers/net/ppp_deflate.o
  CC      drivers/power/pda_power.o
  LD      drivers/mtd/onenand/onenand.o
  LD      drivers/mtd/onenand/built-in.o
  LD      drivers/mtd/tests/built-in.o
  LD      drivers/mtd/mtd.o
  CC      drivers/power/max17040_battery.o
  LD      drivers/mtd/built-in.o
  CC      drivers/net/bsd_comp.o
  CC      drivers/regulator/core.o
  CC      drivers/regulator/dummy.o
  CC      drivers/net/ppp_mppe.o
  LD      drivers/power/power_supply.o
  LD      drivers/power/built-in.o
  CC      drivers/regulator/fixed.o
  CC      drivers/regulator/twl-regulator.o
  CC      drivers/remoteproc/remoteproc.o
  CC      drivers/net/pppox.o
  CC      net/ipv4/tcp_output.o
  LD      drivers/regulator/built-in.o
  CC      drivers/remoteproc/omap_remoteproc.o
  CC      drivers/net/pppolac.o
  CC      drivers/net/pppopns.o
  CC      drivers/remoteproc/rpres.o
  CC      net/ipv4/tcp_timer.o
  CC      drivers/remoteproc/rpres_dev.o
  LD      drivers/remoteproc/built-in.o
  CC      net/ipv4/tcp_ipv4.o
  CC      drivers/net/slhc.o
  CC      net/key/af_key.o
  CC      net/ipv6/af_inet6.o
  CC      drivers/rpmsg/virtio_rpmsg_bus.o
  CC      drivers/rpmsg/rpmsg_omx.o
  CC      drivers/net/ifb.o
  CC      net/ipv4/tcp_minisocks.o
  CC      net/ipv6/anycast.o
  CC      drivers/net/tun.o
  LD      net/key/built-in.o
  CC      drivers/rpmsg/rpmsg_resmgr.o
  CC      net/llc/llc_core.o
  CC      net/ipv4/tcp_cong.o
  CC      net/ipv6/ip6_output.o
  CC      net/llc/llc_input.o
  LD      drivers/net/arm/built-in.o
  CC      net/ipv6/ip6_input.o
  CC [M]  drivers/rpmsg/rpmsg_client_sample.o
  CC      net/ipv4/datagram.o
  CC      drivers/net/wireless/bcmdhd/aiutils.o
  CC      net/llc/llc_output.o
  CC [M]  drivers/rpmsg/rpmsg_server_sample.o
  CC      net/ipv4/raw.o
  CC      net/ipv6/addrconf.o
  LD      net/llc/llc.o
  LD      drivers/rpmsg/built-in.o
  CC      net/ipv4/udp.o
  LD      net/llc/built-in.o
  CC      drivers/rtc/rtc-lib.o
  CC      drivers/net/wireless/bcmdhd/bcmsdh_sdmmc_linux.o
  CC      net/netfilter/core.o
  CC      drivers/rtc/hctosys.o
  CC      drivers/net/wireless/bcmdhd/dhd_linux.o
  CC      net/ipv6/addrlabel.o
  CC      net/ipv4/udplite.o
  CC      drivers/rtc/class.o
  CC      net/netfilter/nf_log.o
  CC      net/ipv4/arp.o
  CC      drivers/rtc/interface.o
  CC      net/ipv6/route.o
  CC      net/netfilter/nf_queue.o
  CC      drivers/rtc/rtc-dev.o
  CC      net/ipv4/icmp.o
  CC      drivers/rtc/rtc-proc.o
  CC      net/netfilter/nf_sockopt.o
  CC      drivers/rtc/rtc-sysfs.o
  CC      net/ipv6/ip6_fib.o
  CC      net/ipv4/devinet.o
  CC      net/netfilter/nf_conntrack_core.o
  CC      drivers/rtc/alarm.o
  CC      drivers/net/wireless/bcmdhd/siutils.o
  CC      net/ipv6/ipv6_sockglue.o
  CC      drivers/rtc/alarm-dev.o
  CC      net/ipv4/af_inet.o
  CC      drivers/rtc/rtc-twl.o
  LD      drivers/rtc/rtc-core.o
  LD      drivers/rtc/built-in.o
  CC      net/ipv4/igmp.o
  CC      net/ipv6/ndisc.o
  CC      drivers/net/wireless/bcmdhd/bcmutils.o
  CC      net/ipv6/udp.o
  CC      net/netfilter/nf_conntrack_standalone.o
  CC      net/ipv4/fib_frontend.o
  CC      net/netfilter/nf_conntrack_expect.o
  CC      net/ipv6/udplite.o
  CC      drivers/net/wireless/bcmdhd/dhd_linux_sched.o
  CC      net/ipv6/raw.o
  CC      net/ipv6/protocol.o
  CC      drivers/net/wireless/bcmdhd/bcmwifi.o
  CC      net/netfilter/nf_conntrack_helper.o
  CC      net/ipv6/icmp.o
  CC      net/ipv4/fib_semantics.o
  CC      net/netfilter/nf_conntrack_proto.o
  CC      drivers/net/wireless/bcmdhd/dhd_sdio.o
  CC      net/ipv6/mcast.o
  CC      net/netfilter/nf_conntrack_l3proto_generic.o
  CC      drivers/net/wireless/bcmdhd/bcmevent.o
  CC      net/netfilter/nf_conntrack_proto_generic.o
  CC      net/ipv4/fib_trie.o
  CC      drivers/net/wireless/bcmdhd/dhd_bta.o
  CC      net/netfilter/nf_conntrack_proto_tcp.o
  CC      net/ipv6/reassembly.o
  CC      drivers/net/wireless/bcmdhd/hndpmu.o
  CC      net/ipv4/inet_fragment.o
  CC      net/ipv4/ping.o
  CC      drivers/net/wireless/bcmdhd/bcmsdh.o
  CC      net/ipv6/tcp_ipv6.o
  CC      net/netfilter/nf_conntrack_proto_udp.o
  CC      net/ipv6/exthdrs.o
  CC      net/ipv4/sysctl_net_ipv4.o
  CC      net/netfilter/nf_conntrack_extend.o
  CC      drivers/net/wireless/bcmdhd/dhd_cdc.o
  CC      net/netfilter/nf_conntrack_acct.o
  CC      net/ipv4/sysfs_net_ipv4.o
  CC      drivers/net/wireless/bcmdhd/bcmsdh_linux.o
  CC      net/ipv6/datagram.o
  CC      net/netlink/af_netlink.o
  CC      net/netfilter/nf_conntrack_ecache.o
  CC      drivers/net/wireless/bcmdhd/dhd_common.o
  CC      net/ipv4/proc.o
  CC      net/netfilter/nf_conntrack_h323_main.o
  CC      net/ipv6/ip6_flowlabel.o
  CC      net/netfilter/nf_conntrack_h323_asn1.o
  CC      net/ipv4/fib_rules.o
  CC      net/netlink/genetlink.o
  CC      net/ipv6/inet6_connection_sock.o
  CC      drivers/net/wireless/bcmdhd/linux_osl.o
  CC      net/netfilter/nfnetlink.o
  CC      net/ipv6/sysctl_net_ipv6.o
  CC      net/ipv4/esp4.o
  CC      drivers/net/wireless/bcmdhd/bcmsdh_sdmmc.o
  CC      net/ipv6/xfrm6_policy.o
  LD      net/netlink/built-in.o
  CC      net/netfilter/nfnetlink_queue.o
  CC      net/ipv4/tunnel4.o
  CC      drivers/net/wireless/bcmdhd/dhd_custom_gpio.o
  CC      net/ipv4/xfrm4_mode_transport.o
  CC      drivers/net/wireless/bcmdhd/sbutils.o
  CC      net/ipv4/xfrm4_mode_tunnel.o
  CC      net/ipv6/xfrm6_state.o
  CC      net/packet/af_packet.o
  CC      net/netfilter/nfnetlink_log.o
  CC      drivers/net/wireless/bcmdhd/wldev_common.o
  CC      net/ipv6/xfrm6_input.o
  CC      net/ipv4/netfilter.o
  LD      net/netfilter/nf_conntrack.o
  CC      net/netfilter/nf_conntrack_proto_dccp.o
  CC      drivers/net/wireless/bcmdhd/wl_android.o
  CC      net/ipv6/xfrm6_output.o
  CC      net/ipv4/netfilter/nf_nat_rule.o
  LD      net/packet/built-in.o
  CC      drivers/scsi/scsi.o
  CC      net/ipv4/netfilter/nf_nat_standalone.o
  CC      drivers/net/wireless/bcmdhd/wl_cfg80211.o
  CC      net/ipv6/netfilter.o
  CC      net/netfilter/nf_conntrack_proto_gre.o
  CC      net/netfilter/nf_conntrack_proto_sctp.o
  CC      net/ipv4/netfilter/nf_conntrack_l3proto_ipv4_compat.o
  CC      net/ipv6/fib6_rules.o
  CC      net/ipv4/netfilter/nf_conntrack_l3proto_ipv4.o
  CC      net/netfilter/nf_conntrack_proto_udplite.o
  CC      drivers/scsi/hosts.o
  CC      net/ipv6/proc.o
  CC      net/ipv6/ah6.o
  CC      net/netfilter/nf_conntrack_netlink.o
  CC      drivers/scsi/scsi_ioctl.o
  CC      net/ipv4/netfilter/nf_conntrack_proto_icmp.o
  CC      net/ipv6/esp6.o
  CC      net/ipv4/netfilter/nf_nat_core.o
  CC      drivers/scsi/constants.o
  CC      drivers/net/wireless/bcmdhd/wl_cfgp2p.o
  CC      drivers/scsi/scsicam.o
  CC      net/ipv6/ipcomp6.o
  CC      net/ipv4/netfilter/nf_nat_helper.o
  CC      drivers/scsi/scsi_error.o
  CC      drivers/net/wireless/bcmdhd/dhd_linux_mon.o
  CC      net/ipv6/xfrm6_tunnel.o
  CC      net/ipv4/netfilter/nf_nat_proto_unknown.o
  CC      drivers/scsi/scsi_lib.o
  LD      drivers/net/wireless/bcmdhd/bcmdhd.o
  CC      net/ipv6/tunnel6.o
  CC      net/ipv4/netfilter/nf_nat_proto_common.o
  CC      net/netfilter/nf_conntrack_amanda.o
  CC      drivers/scsi/scsi_lib_dma.o
  LD      drivers/net/wireless/bcmdhd/built-in.o
  LD      drivers/net/wireless/built-in.o
  CC      net/ipv4/netfilter/nf_nat_proto_tcp.o
  LD      drivers/net/built-in.o
  CC      net/ipv6/xfrm6_mode_transport.o
  CC      drivers/scsi/scsi_scan.o
  CC      net/netfilter/nf_conntrack_ftp.o
  CC      net/ipv4/netfilter/nf_nat_proto_udp.o
  CC      net/ipv6/xfrm6_mode_tunnel.o
  CC      net/ipv4/netfilter/nf_nat_proto_icmp.o
  LD      net/netfilter/nf_conntrack_h323.o
  CC      net/netfilter/nf_conntrack_irc.o
  CC      net/ipv6/xfrm6_mode_beet.o
  CC      net/ipv4/netfilter/nf_defrag_ipv4.o
  CC      net/netfilter/nf_conntrack_broadcast.o
  CC      drivers/scsi/scsi_sysfs.o
  CC      net/ipv6/mip6.o
  CC      net/ipv4/netfilter/nf_nat_amanda.o
  CC      net/netfilter/nf_conntrack_netbios_ns.o
  CC      drivers/scsi/scsi_devinfo.o
  CC      net/netfilter/nf_conntrack_pptp.o
  CC      net/ipv4/netfilter/nf_nat_ftp.o
  CC      net/phonet/pn_dev.o
  CC      net/ipv6/netfilter/ip6_tables.o
  CC      drivers/scsi/scsi_sysctl.o
  CC      drivers/scsi/scsi_proc.o
  CC      net/ipv4/netfilter/nf_nat_h323.o
  CC      net/netfilter/nf_conntrack_sane.o
  CC      net/phonet/pn_netlink.o
  CC      drivers/scsi/scsi_trace.o
  CC      drivers/scsi/scsi_pm.o
  CC      net/ipv4/netfilter/nf_nat_irc.o
  CC      net/netfilter/nf_conntrack_tftp.o
  CC      net/phonet/socket.o
  CC      net/ipv6/netfilter/ip6table_filter.o
  CC      drivers/scsi/sd.o
  CC      net/ipv4/netfilter/nf_nat_pptp.o
  CC      net/ipv6/netfilter/ip6table_mangle.o
  CC      net/netfilter/nf_tproxy_core.o
  CC      net/phonet/datagram.o
  CC      net/ipv4/netfilter/nf_nat_tftp.o
  CC      net/ipv6/netfilter/ip6table_raw.o
  CC      net/netfilter/x_tables.o
  CC      net/phonet/sysctl.o
  CC      net/ipv4/netfilter/nf_nat_proto_dccp.o
  CC      net/phonet/af_phonet.o
  CC      net/ipv6/netfilter/nf_conntrack_l3proto_ipv6.o
  LD      drivers/scsi/arm/built-in.o
  CC      net/ipv4/netfilter/nf_nat_proto_gre.o
  LD      drivers/scsi/sd_mod.o
  CC      drivers/scsi/sg.o
  CC      net/phonet/pep.o
  CC      net/ipv6/netfilter/nf_conntrack_proto_icmpv6.o
  CC      net/ipv4/netfilter/nf_nat_proto_udplite.o
  CC      net/phonet/pep-gprs.o
  CC      net/netfilter/xt_tcpudp.o
  CC      net/ipv4/netfilter/nf_nat_proto_sctp.o
  CC      net/ipv6/netfilter/nf_defrag_ipv6_hooks.o
  CC [M]  drivers/scsi/scsi_wait_scan.o
  LD      net/phonet/phonet.o
  LD      net/phonet/pn_pep.o
  LD      net/phonet/built-in.o
  CC      net/netfilter/xt_mark.o
  CC      net/ipv6/netfilter/nf_conntrack_reasm.o
  LD      drivers/scsi/scsi_mod.o
  LD      drivers/scsi/built-in.o
  CC      net/rfkill/core.o
  CC      drivers/spi/spi.o
  CC      net/ipv4/netfilter/ip_tables.o
  CC      net/netfilter/xt_connmark.o
  CC      net/ipv6/netfilter/ip6t_LOG.o
  CC      drivers/spi/omap2_mcspi.o
  CC      net/rfkill/input.o
  CC      net/netfilter/xt_CLASSIFY.o
In file included from net/ipv6/netfilter/ip6t_LOG.c:26:
include/net/netfilter/xt_log.h: In function 'sb_close':
include/net/netfilter/xt_log.h:50: warning: value computed is not used
  CC      net/ipv4/netfilter/iptable_filter.o
  CC      net/netfilter/xt_NFLOG.o
  LD      net/rfkill/rfkill.o
  CC      net/ipv6/netfilter/ip6t_REJECT.o
  LD      drivers/spi/built-in.o
  LD      net/rfkill/built-in.o
  CC      net/sched/sch_generic.o
  CC      drivers/staging/staging.o
  CC      net/netfilter/xt_NFQUEUE.o
  CC      net/ipv4/netfilter/iptable_mangle.o
  LD      net/ipv6/netfilter/nf_conntrack_ipv6.o
  LD      net/ipv6/netfilter/nf_defrag_ipv6.o
  LD      net/ipv6/netfilter/built-in.o
  CC      net/ipv6/sit.o
  CC      drivers/staging/android/binder.o
  CC      net/sched/sch_mq.o
  LD      net/ipv4/netfilter/iptable_nat.o
  CC      net/netfilter/xt_TPROXY.o
  CC      net/sched/sch_api.o
  CC      net/ipv4/netfilter/iptable_raw.o
  CC      net/ipv6/ip6_tunnel.o
  CC      net/ipv4/netfilter/ipt_ah.o
  CC      net/netfilter/xt_TRACE.o
  CC      net/sched/sch_blackhole.o
  CC      net/netfilter/xt_comment.o
  CC      net/ipv4/netfilter/ipt_ecn.o
  CC      net/ipv6/addrconf_core.o
  CC      net/sched/cls_api.o
  CC      net/netfilter/xt_connbytes.o
  CC      net/ipv4/netfilter/ipt_LOG.o
  CC      drivers/staging/android/logger.o
  CC      net/ipv6/exthdrs_core.o
  CC      net/sched/act_api.o
  CC      net/netfilter/xt_connlimit.o
In file included from net/ipv4/netfilter/ipt_LOG.c:27:
include/net/netfilter/xt_log.h: In function 'sb_close':
include/net/netfilter/xt_log.h:50: warning: value computed is not used
  CC      net/ipv6/inet6_hashtables.o
  CC      net/ipv4/netfilter/ipt_MASQUERADE.o
  CC      drivers/staging/android/persistent_ram.o
drivers/staging/android/persistent_ram.c: In function '__persistent_ram_init':
drivers/staging/android/persistent_ram.c:426: warning: format '%ld' expects type 'long int', but argument 2 has type 'size_t'
drivers/staging/android/persistent_ram.c:426: warning: format '%ld' expects type 'long int', but argument 3 has type 'size_t'
drivers/staging/android/persistent_ram.c:430: warning: format '%ld' expects type 'long int', but argument 2 has type 'size_t'
drivers/staging/android/persistent_ram.c:430: warning: format '%ld' expects type 'long int', but argument 3 has type 'size_t'
  CC      net/netfilter/xt_conntrack.o
  CC      drivers/staging/android/ram_console.o
  CC      net/ipv4/netfilter/ipt_NETMAP.o
  LD      net/ipv6/ipv6.o
  CC      net/sched/act_police.o
  CC      net/ipv4/netfilter/ipt_REDIRECT.o
  CC      drivers/staging/android/timed_output.o
  CC      net/netfilter/xt_hashlimit.o
  CC      net/sched/act_gact.o
  CC      drivers/staging/android/timed_gpio.o
  CC      net/ipv4/netfilter/ipt_REJECT.o
  LD      net/ipv6/built-in.o
  CC      net/sunrpc/clnt.o
  CC      drivers/staging/android/lowmemorykiller.o
  CC      net/sched/act_mirred.o
  CC      net/netfilter/xt_helper.o
  CC      net/ipv4/netfilter/arp_tables.o
  LD      drivers/staging/android/built-in.o
  LD      drivers/staging/generic_serial/built-in.o
  CC      drivers/staging/snappy/csnappy_compress.o
  CC      net/sched/sch_fifo.o
  CC      net/netfilter/xt_hl.o
  CC      net/ipv4/netfilter/arpt_mangle.o
  CC      drivers/staging/snappy/csnappy_decompress.o
  CC      net/sched/sch_htb.o
  CC      net/netfilter/xt_iprange.o
  CC      net/sunrpc/xprt.o
  LD      drivers/staging/snappy/built-in.o
  CC      net/ipv4/netfilter/arptable_filter.o
  CC      drivers/staging/thermal_framework/thermal_framework.o
  CC      net/netfilter/xt_length.o
  LD      net/ipv4/netfilter/nf_conntrack_ipv4.o
  CC      drivers/staging/thermal_framework/omap4_duty_cycle.o
  LD      net/ipv4/netfilter/nf_nat.o
  LD      net/ipv4/netfilter/built-in.o
  CC      net/ipv4/inet_diag.o
  CC      net/sched/sch_ingress.o
  CC      net/sunrpc/socklib.o
  CC      net/netfilter/xt_limit.o
  CC      drivers/staging/thermal_framework/governor/omap4_duty_cycle_governor.o
  CC      net/sched/cls_u32.o
  CC      net/netfilter/xt_mac.o
  CC      net/sunrpc/xprtsock.o
  LD      drivers/staging/thermal_framework/governor/built-in.o
  LD      drivers/staging/thermal_framework/sensor/built-in.o
  LD      drivers/staging/thermal_framework/built-in.o
  CC      net/ipv4/tcp_diag.o
  LD      drivers/staging/tty/built-in.o
  CC      drivers/staging/zcache/zcache-main.o
  CC      net/netfilter/xt_pkttype.o
  CC      net/sched/ematch.o
  CC      net/ipv4/tcp_cubic.o
  CC      net/netfilter/xt_policy.o
  CC      net/sched/em_u32.o
  CC      net/sunrpc/sched.o
  CC      drivers/staging/zcache/tmem.o
  CC      net/ipv4/xfrm4_policy.o
  LD      net/sched/built-in.o
  LD      drivers/staging/zcache/zcache.o
  LD      drivers/staging/zcache/built-in.o
  CC      net/sunrpc/auth.o
  CC      drivers/staging/zram/zram_drv.o
  CC      net/netfilter/xt_qtaguid_print.o
  CC      drivers/switch/switch_class.o
  CC      net/ipv4/xfrm4_state.o
  CC      net/netfilter/xt_qtaguid.o
  CC      drivers/switch/switch_gpio.o
  CC      drivers/staging/zram/zram_sysfs.o
  CC      net/sunrpc/auth_null.o
  LD      drivers/switch/built-in.o
  CC      drivers/staging/zram/xvmalloc.o
  CC      net/ipv4/xfrm4_input.o
  CC      net/ipv4/xfrm4_output.o
  CC      net/sunrpc/auth_unix.o
  LD      drivers/staging/zram/zram.o
  LD      drivers/staging/zram/built-in.o
  LD      drivers/staging/built-in.o
  CC      net/unix/af_unix.o
  CC      drivers/tty/tty_io.o
  LD      net/ipv4/built-in.o
  CC      net/sunrpc/auth_generic.o
  CC      net/sunrpc/svc.o
  CC      net/unix/garbage.o
  CC      drivers/tty/n_tty.o
  CC      net/sunrpc/svcsock.o
  CC      net/unix/sysctl_net_unix.o
  LD      net/unix/unix.o
  LD      net/unix/built-in.o
  CC      net/netfilter/xt_quota.o
  CC      net/wireless/core.o
  CC      drivers/tty/tty_ioctl.o
  CC      net/sunrpc/svcauth.o
  CC      net/netfilter/xt_quota2.o
  CC      net/sunrpc/svcauth_unix.o
  CC      drivers/tty/tty_ldisc.o
  CC      net/wireless/sysfs.o
  CC      net/wireless/radiotap.o
  CC      net/xfrm/xfrm_policy.o
  CC      net/wireless/util.o
  CC      drivers/tty/tty_buffer.o
  CC      net/netfilter/xt_socket.o
  CC      net/xfrm/xfrm_state.o
  CC      net/sunrpc/addr.o
  CC      drivers/tty/tty_port.o
  CC      net/sunrpc/rpcb_clnt.o
  CC      net/wireless/reg.o
  CC      net/netfilter/xt_state.o
  CC      drivers/tty/tty_mutex.o
  CC      net/netfilter/xt_statistic.o
  CC      drivers/tty/pty.o
  CC      net/sunrpc/timer.o
  CC      net/xfrm/xfrm_hash.o
  CC      net/netfilter/xt_string.o
  CC      drivers/tty/sysrq.o
  CC      net/wireless/scan.o
  CC      net/xfrm/xfrm_input.o
  CC      net/netfilter/xt_time.o
  CC      net/sunrpc/xdr.o
  CC      net/netfilter/xt_u32.o
  CC      net/wireless/nl80211.o
  CC      net/xfrm/xfrm_output.o
  LD      drivers/tty/ipwireless/built-in.o
  CC      drivers/tty/serial/serial_core.o
  CC      net/sunrpc/sunrpc_syms.o
  LD      net/netfilter/netfilter.o
  LD      net/netfilter/built-in.o
  CC      net/xfrm/xfrm_algo.o
  CC      net/sunrpc/cache.o
  CC      net/xfrm/xfrm_sysctl.o
  CC      drivers/tty/serial/omap-serial.o
  CC      net/wireless/mlme.o
drivers/tty/serial/omap-serial.c: In function 'serial_omap_set_termios':
drivers/tty/serial/omap-serial.c:765: warning: unused variable 'efr'
  CC      net/xfrm/xfrm_replay.o
  CC      net/wireless/ibss.o
  CC      net/sunrpc/rpc_pipe.o
  CC      net/xfrm/xfrm_ipcomp.o
  CC      net/wireless/sme.o
  LD      drivers/tty/serial/built-in.o
  CC      net/sunrpc/svc_xprt.o
  LD      drivers/tty/vt/built-in.o
  LD      drivers/tty/built-in.o
  CC      drivers/usb/class/cdc-acm.o
  CC      net/wireless/chan.o
  CC      net/sunrpc/backchannel_rqst.o
  LD      net/xfrm/built-in.o
  CC      net/sysctl_net.o
  CC      net/sunrpc/bc_svc.o
  CC      net/sunrpc/stats.o
  CC      net/wireless/ethtool.o
  CC      net/activity_stats.o
  CC      net/sunrpc/sysctl.o
  CC      net/wireless/mesh.o
  CC      net/sunrpc/auth_gss/auth_gss.o
  LD      drivers/usb/class/built-in.o
  CC      drivers/usb/core/usb.o
  CC      net/sunrpc/auth_gss/gss_generic_token.o
  CC      drivers/usb/gadget/android.o
  CC      net/sunrpc/auth_gss/gss_mech_switch.o
  LD      net/wireless/cfg80211.o
  LD      net/wireless/built-in.o
  CC      drivers/usb/core/hub.o
  CC      drivers/video/fb_notify.o
  CC      drivers/usb/core/hcd.o
  CC      net/sunrpc/auth_gss/svcauth_gss.o
In file included from drivers/usb/gadget/android.c:59:
drivers/usb/gadget/f_dm.c: In function 'dm_disable':
drivers/usb/gadget/f_dm.c:162: warning: unused variable 'cdev'
drivers/usb/gadget/f_dm.c: In function 'dm_bind':
drivers/usb/gadget/f_dm.c:202: warning: format '%x' expects type 'unsigned int', but argument 3 has type 'struct usb_ep *'
drivers/usb/gadget/f_dm.c:202: warning: format '%x' expects type 'unsigned int', but argument 4 has type 'struct usb_ep *'
  CC      drivers/video/fbmem.o
  CC      drivers/virtio/virtio.o
  CC      drivers/usb/core/urb.o
  LD      net/sunrpc/auth_gss/auth_rpcgss.o
  LD      net/sunrpc/auth_gss/built-in.o
  LD      net/sunrpc/sunrpc.o
  CC      drivers/virtio/virtio_ring.o
  CC      drivers/usb/core/message.o
  LD      net/sunrpc/built-in.o
  LD      net/built-in.o
  LD      drivers/virtio/built-in.o
  CC      drivers/watchdog/omap_wdt.o
  CC      drivers/video/fbmon.o
  LD      drivers/watchdog/built-in.o
  CC      drivers/video/fbcmap.o
  CC      drivers/video/fbsysfs.o
  CC      drivers/video/modedb.o
  CC      drivers/video/fbcvt.o
  CC      drivers/usb/core/driver.o
  CC      drivers/video/display/display-sysfs.o
  CC      drivers/video/backlight/backlight.o
  LD      drivers/usb/gadget/g_android.o
  CC      drivers/video/backlight/generic_bl.o
  CC      drivers/usb/core/config.o
  LD      drivers/video/display/display.o
  LD      drivers/video/backlight/built-in.o
  CC      drivers/usb/core/file.o
  CC      drivers/usb/core/buffer.o
  CC      drivers/usb/core/sysfs.o
  LD      drivers/usb/gadget/built-in.o
  CC      drivers/usb/core/endpoint.o
  LD      drivers/video/display/built-in.o
  CC      drivers/video/omap2/vram.o
  CC      drivers/usb/host/ehci-hcd.o
  CC      drivers/usb/core/devio.o
drivers/usb/host/ehci-dbg.c:588: warning: 'array' defined but not used
drivers/usb/host/ehci-hub.c:1312: warning: 'ehci_relinquish_port' defined but not used
drivers/usb/host/ehci-hub.c:1321: warning: 'ehci_port_handed_over' defined but not used
  CC      drivers/usb/core/notify.o
  CC      drivers/video/omap2/displays/panel-s6e8aa0.o
  CC      drivers/usb/core/generic.o
drivers/video/omap2/displays/panel-s6e8aa0.c: In function 's6e8aa0_setup_gamma_regs':
drivers/video/omap2/displays/panel-s6e8aa0.c:773: warning: ISO C90 forbids mixed declarations and code
  CC      drivers/usb/core/quirks.o
  CC      drivers/usb/core/devices.o
  CC      drivers/video/cfbfillrect.o
  LD      drivers/video/omap2/displays/built-in.o
  CC      drivers/video/omap2/dss/core.o
  LD      drivers/usb/host/built-in.o
  CC      drivers/usb/core/inode.o
  CC      drivers/video/cfbcopyarea.o
  LD      drivers/usb/misc/built-in.o
  CC      drivers/usb/musb/musb_core.o
  CC      drivers/video/omap2/dss/dss.o
  CC      drivers/usb/otg/otg.o
  LD      drivers/usb/core/usbcore.o
  LD      drivers/usb/core/built-in.o
  CC      drivers/usb/otg/otg-wakelock.o
  CC      drivers/usb/serial/usb-serial.o
  CC      drivers/usb/musb/musb_gadget_ep0.o
  CC      drivers/usb/otg/otg_id.o
  CC      drivers/video/omap2/dss/dss_features.o
  CC      drivers/usb/otg/twl6030-usb.o
  CC      drivers/usb/musb/musb_gadget.o
drivers/usb/otg/twl6030-usb.c:139: warning: 'twl6030_set_phy_clk' defined but not used
  CC      drivers/video/omap2/dss/dispc.o
  LD      drivers/usb/otg/built-in.o
  CC      drivers/video/omap2/dss/display.o
  CC      drivers/usb/musb/musb_virthub.o
drivers/usb/musb/musb_gadget.c: In function 'musb_gadget_enable':
drivers/usb/musb/musb_gadget.c:1096: warning: 'double_buffer_not_ok' is deprecated (declared at drivers/usb/musb/musb_core.h:517)
drivers/usb/musb/musb_gadget.c:1136: warning: 'double_buffer_not_ok' is deprecated (declared at drivers/usb/musb/musb_core.h:517)
drivers/video/omap2/dss/dispc.c: In function 'dispc_enable_gamma':
drivers/video/omap2/dss/dispc.c:2819: warning: suggest parentheses around arithmetic in operand of '|'
  CC      drivers/video/omap2/dss/manager.o
  CC      drivers/usb/musb/musb_debugfs.o
  CC      drivers/usb/serial/generic.o
  CC      drivers/usb/musb/musb_host.o
drivers/usb/musb/musb_host.c: In function 'musb_rx_reinit':
drivers/usb/musb/musb_host.c:599: warning: 'double_buffer_not_ok' is deprecated (declared at drivers/usb/musb/musb_core.h:517)
drivers/usb/musb/musb_host.c: In function 'musb_ep_program':
drivers/usb/musb/musb_host.c:774: warning: 'double_buffer_not_ok' is deprecated (declared at drivers/usb/musb/musb_core.h:517)
  CC      drivers/usb/serial/bus.o
  CC      drivers/usb/serial/ftdi_sio.o
  CC      drivers/video/omap2/dss/overlay.o
  CC      drivers/usb/serial/pl2303.o
  CC      drivers/usb/musb/musbhsdma.o
drivers/video/omap2/dss/overlay.c: In function 'dss_check_overlay':
drivers/video/omap2/dss/overlay.c:599: warning: suggest parentheses around '&&' within '||'
  CC      drivers/video/omap2/dss/fifothreshold.o
  CC      drivers/usb/musb/omap2430.o
  LD      drivers/usb/serial/usbserial.o
  LD      drivers/usb/musb/musb_hdrc.o
  CC      drivers/video/omap2/dss/dsi.o
  CC      drivers/video/omap2/dss/hdmi.o
  LD      drivers/usb/serial/built-in.o
  CC      drivers/usb/storage/scsiglue.o
drivers/usb/musb/omap2430.c: In function 'musb_otg_notifier_work':
drivers/usb/musb/omap2430.c:320: warning: 'return' with a value, in function returning void
drivers/usb/musb/omap2430.c:323: warning: 'return' with a value, in function returning void
  CC      drivers/video/omap2/dss/hdmi_panel.o
  LD      drivers/usb/musb/built-in.o
  CC      drivers/video/omap2/dss/cec.o
  CC      drivers/video/omap2/dsscomp/device.o
  CC      drivers/video/omap2/dsscomp/base.o
  CC      drivers/usb/storage/protocol.o
  CC      drivers/usb/storage/transport.o
  CC      drivers/video/omap2/dsscomp/queue.o
  CC      drivers/video/omap2/dsscomp/gralloc.o
  CC      drivers/video/omap2/hdcp/hdcp_top.o
  CC      drivers/usb/storage/usb.o
drivers/video/omap2/hdcp/hdcp_top.c:117: warning: 'hdcp_wq_disable' defined but not used
  CC      drivers/usb/storage/initializers.o
  LD      drivers/video/omap2/dsscomp/dsscomp.o
  LD      drivers/video/omap2/dsscomp/built-in.o
  CC      drivers/video/omap2/omapfb/omapfb-main.o
  CC      drivers/video/omap2/hdcp/hdcp_lib.o
  CC      drivers/video/omap2/omapfb/omapfb-sysfs.o
  LD      drivers/video/omap2/dss/omapdss.o
  CC      drivers/usb/storage/sierra_ms.o
  LD      drivers/video/omap2/dss/built-in.o
  CC      drivers/usb/storage/option_ms.o
  CC      drivers/video/omap2/hdcp/hdcp_ddc.o
  CC      drivers/usb/storage/usual-tables.o
  CC      drivers/video/omap2/omapfb/omapfb-ioctl.o
  LD      drivers/video/omap2/hdcp/hdcp.o
  LD      drivers/video/omap2/hdcp/built-in.o
  CC      drivers/video/cfbimgblt.o
  CC      drivers/video/hdmi_ti_4xxx_ip.o
  CC      drivers/video/sii9234.o
  LD      drivers/usb/storage/usb-storage.o
  LD      drivers/usb/storage/built-in.o
  LD      drivers/usb/built-in.o
  LD      drivers/video/fb.o
  LD      drivers/video/omap2/omapfb/omapfb.o
  LD      drivers/video/omap2/omapfb/built-in.o
  LD      drivers/video/omap2/built-in.o
drivers/video/sii9234.c:400: warning: 'tpi_read_reg' defined but not used
  LD      drivers/video/built-in.o
  LD      drivers/built-in.o
  LD      vmlinux.o
  MODPOST vmlinux.o
  GEN     .version
  CHK     include/generated/compile.h
  UPD     include/generated/compile.h
  CC      init/version.o
  LD      init/built-in.o
  LD      .tmp_vmlinux1
  KSYM    .tmp_kallsyms1.S
  AS      .tmp_kallsyms1.o
  LD      .tmp_vmlinux2
  KSYM    .tmp_kallsyms2.S
  AS      .tmp_kallsyms2.o
  LD      vmlinux
  SYSMAP  System.map
  SYSMAP  .tmp_System.map
  OBJCOPY arch/arm/boot/Image
  Kernel: arch/arm/boot/Image is ready
  AS      arch/arm/boot/compressed/head.o
  Building modules, stage 2.
  MODPOST 4 modules
  XZKERN  arch/arm/boot/compressed/piggy.xzkern
  CC      arch/arm/boot/compressed/misc.o
  CC      arch/arm/boot/compressed/decompress.o
  SHIPPED arch/arm/boot/compressed/lib1funcs.S
  SHIPPED arch/arm/boot/compressed/ashldi3.S
  CC      crypto/ansi_cprng.mod.o
  AS      arch/arm/boot/compressed/lib1funcs.o
  AS      arch/arm/boot/compressed/ashldi3.o
  CC      drivers/rpmsg/rpmsg_client_sample.mod.o
  CC      drivers/rpmsg/rpmsg_server_sample.mod.o
  CC      drivers/scsi/scsi_wait_scan.mod.o
  LD [M]  drivers/rpmsg/rpmsg_server_sample.ko
  LD [M]  drivers/scsi/scsi_wait_scan.ko
  LD [M]  crypto/ansi_cprng.ko
  LD [M]  drivers/rpmsg/rpmsg_client_sample.ko
  AS      arch/arm/boot/compressed/piggy.xzkern.o
  LD      arch/arm/boot/compressed/vmlinux
  OBJCOPY arch/arm/boot/zImage
  Kernel: arch/arm/boot/zImage is ready
